build/app/intermediates/manifest_merge_blame_file/release/manifest-merger-blame-release-report.txt
1<?xml version="1.0" encoding="utf-8"?>
2<manifest xmlns:android="http://schemas.android.com/apk/res/android"
3    package="com.example.garjoo"
4    android:versionCode="1"
5    android:versionName="1.0.0" >
6
7    <uses-sdk
8        android:minSdkVersion="16"
8-->src/main/AndroidManifest.xml
9        android:targetSdkVersion="29" />
9-->src/main/AndroidManifest.xml
10
11    <uses-permission android:name="android.permission.READ_EXTERNAL_STORAGE" />
11-->src/main/AndroidManifest.xml:4:6-81
11-->src/main/AndroidManifest.xml:4:23-78
12
13    <queries>
13-->src/main/AndroidManifest.xml:5:7-10:17
14        <intent>
14-->src/main/AndroidManifest.xml:6:8-9:17
15            <action android:name="android.intent.action.GET_CONTENT" />
15-->src/main/AndroidManifest.xml:7:9-68
15-->src/main/AndroidManifest.xml:7:17-65
16
17            <data android:mimeType="*/*" />
17-->src/main/AndroidManifest.xml:8:9-39
17-->src/main/AndroidManifest.xml:8:15-37
18        </intent>
19        <intent>
19-->src/main/AndroidManifest.xml:6:8-9:17
20            <action android:name="android.intent.action.GET_CONTENT" />
20-->src/main/AndroidManifest.xml:7:9-68
20-->src/main/AndroidManifest.xml:7:17-65
21
22            <data android:mimeType="*/*" />
22-->src/main/AndroidManifest.xml:8:9-39
22-->src/main/AndroidManifest.xml:8:15-37
23        </intent>
24    </queries>
25
26    <!--
27         io.flutter.app.FlutterApplication is an android.app.Application that
28         calls FlutterMain.startInitialization(this); in its onCreate method.
29         In most cases you can leave this as-is, but you if you want to provide
30         additional functionality it is fine to subclass or reimplement
31         FlutterApplication and put your custom class here.
32    -->
33    <uses-permission android:name="android.permission.INTERNET" />
33-->src/main/AndroidManifest.xml:19:5-66
33-->src/main/AndroidManifest.xml:19:22-64
34    <uses-permission android:name="android.permission.WRITE_EXTERNAL_STORAGE" />
34-->src/main/AndroidManifest.xml:20:5-80
34-->src/main/AndroidManifest.xml:20:22-78
35    <uses-permission android:name="android.permission.INTERNET" />
35-->src/main/AndroidManifest.xml:19:5-66
35-->src/main/AndroidManifest.xml:19:22-64
36    <uses-permission android:name="android.permission.REQUEST_INSTALL_PACKAGES" />
36-->[:open_file] AndroidManifest.xml:8:5-83
36-->[:open_file] AndroidManifest.xml:8:22-80
37    <uses-permission android:name="android.permission.RECEIVE_BOOT_COMPLETED" />
37-->[:flutter_local_notifications] AndroidManifest.xml:7:5-81
37-->[:flutter_local_notifications] AndroidManifest.xml:7:22-78
38    <uses-permission android:name="android.permission.VIBRATE" />
38-->[:flutter_local_notifications] AndroidManifest.xml:8:5-66
38-->[:flutter_local_notifications] AndroidManifest.xml:8:22-63
39    <uses-permission android:name="android.permission.USE_FULL_SCREEN_INTENT" />
39-->[:flutter_local_notifications] AndroidManifest.xml:9:5-81
39-->[:flutter_local_notifications] AndroidManifest.xml:9:22-78
40    <uses-permission android:name="android.permission.ACCESS_NETWORK_STATE" />
40-->[com.google.android.exoplayer:exoplayer-core:2.13.1] AndroidManifest.xml:24:5-79
40-->[com.google.android.exoplayer:exoplayer-core:2.13.1] AndroidManifest.xml:24:22-76
41
42    <application
42-->src/main/AndroidManifest.xml:21:5-59:19
43        android:name="io.flutter.app.FlutterApplication"
43-->src/main/AndroidManifest.xml:22:9-57
44        android:appComponentFactory="androidx.core.app.CoreComponentFactory"
44-->[androidx.core:core:1.3.1] AndroidManifest.xml:24:18-86
45        android:icon="@mipmap/ic_launcher"
45-->src/main/AndroidManifest.xml:24:9-43
46        android:label="garjoo"
46-->src/main/AndroidManifest.xml:23:9-31
47        android:requestLegacyExternalStorage="true" >
47-->[:open_file] AndroidManifest.xml:11:18-61
48        <activity
48-->src/main/AndroidManifest.xml:25:9-53:20
49            android:name="com.example.garjoo.MainActivity"
49-->src/main/AndroidManifest.xml:26:13-41
50            android:configChanges="orientation|keyboardHidden|keyboard|screenSize|smallestScreenSize|locale|layoutDirection|fontScale|screenLayout|density|uiMode"
50-->src/main/AndroidManifest.xml:29:13-163
51            android:hardwareAccelerated="true"
51-->src/main/AndroidManifest.xml:30:13-47
52            android:launchMode="singleTop"
52-->src/main/AndroidManifest.xml:27:13-43
53            android:theme="@style/LaunchTheme"
53-->src/main/AndroidManifest.xml:28:13-47
54            android:windowSoftInputMode="adjustResize" >
54-->src/main/AndroidManifest.xml:31:13-55
55
56            <!--
57                 Specifies an Android theme to apply to this Activity as soon as
58                 the Android process has started. This theme is visible to the user
59                 while the Flutter UI initializes. After that, this theme continues
60                 to determine the Window background behind the Flutter UI.
61            -->
62            <meta-data
62-->src/main/AndroidManifest.xml:36:13-39:17
63                android:name="io.flutter.embedding.android.NormalTheme"
63-->src/main/AndroidManifest.xml:37:15-70
64                android:resource="@style/NormalTheme" />
64-->src/main/AndroidManifest.xml:38:15-52
65            <!--
66                 Displays an Android View that continues showing the launch screen
67                 Drawable until Flutter paints its first frame, then this splash
68                 screen fades out. A splash screen is useful to avoid any visual
69                 gap between the end of Android's launch screen and the painting of
70                 Flutter's first frame.
71            -->
72            <meta-data
72-->src/main/AndroidManifest.xml:45:13-48:17
73                android:name="io.flutter.embedding.android.SplashScreenDrawable"
73-->src/main/AndroidManifest.xml:46:15-79
74                android:resource="@drawable/launch_background" />
74-->src/main/AndroidManifest.xml:47:15-61
75
76            <intent-filter>
76-->src/main/AndroidManifest.xml:49:13-52:29
77                <action android:name="android.intent.action.MAIN" />
77-->src/main/AndroidManifest.xml:50:17-68
77-->src/main/AndroidManifest.xml:50:25-66
78
79                <category android:name="android.intent.category.LAUNCHER" />
79-->src/main/AndroidManifest.xml:51:17-76
79-->src/main/AndroidManifest.xml:51:27-74
80            </intent-filter>
81        </activity>
82        <!--
83             Don't delete the meta-data below.
84             This is used by the Flutter tool to generate GeneratedPluginRegistrant.java
85        -->
86        <meta-data
86-->src/main/AndroidManifest.xml:56:9-58:33
87            android:name="flutterEmbedding"
87-->src/main/AndroidManifest.xml:57:13-44
88            android:value="2" />
88-->src/main/AndroidManifest.xml:58:13-30
89
90        <provider
90-->[:open_file] AndroidManifest.xml:12:9-21:20
91            android:name="com.crazecoder.openfile.FileProvider"
91-->[:open_file] AndroidManifest.xml:13:13-64
92            android:authorities="com.example.garjoo.fileProvider.com.crazecoder.openfile"
92-->[:open_file] AndroidManifest.xml:14:13-88
93            android:exported="false"
93-->[:open_file] AndroidManifest.xml:15:13-37
94            android:grantUriPermissions="true" >
94-->[:open_file] AndroidManifest.xml:16:13-47
95            <meta-data
95-->[:open_file] AndroidManifest.xml:18:13-20:53
96                android:name="android.support.FILE_PROVIDER_PATHS"
96-->[:open_file] AndroidManifest.xml:19:17-67
97                android:resource="@xml/filepaths" />
97-->[:open_file] AndroidManifest.xml:20:17-50
98        </provider>
99
100        <activity
100-->[:url_launcher] AndroidManifest.xml:8:9-11:74
101            android:name="io.flutter.plugins.urllauncher.WebViewActivity"
101-->[:url_launcher] AndroidManifest.xml:9:13-74
102            android:exported="false"
102-->[:url_launcher] AndroidManifest.xml:10:13-37
103            android:theme="@android:style/Theme.NoTitleBar.Fullscreen" />
103-->[:url_launcher] AndroidManifest.xml:11:13-71
104
105        <receiver android:name="com.dexterous.flutterlocalnotifications.ScheduledNotificationReceiver" />
105-->[:flutter_local_notifications] AndroidManifest.xml:12:9-106
105-->[:flutter_local_notifications] AndroidManifest.xml:12:19-103
106        <receiver android:name="com.dexterous.flutterlocalnotifications.ScheduledNotificationBootReceiver" >
106-->[:flutter_local_notifications] AndroidManifest.xml:13:9-20:20
106-->[:flutter_local_notifications] AndroidManifest.xml:13:19-107
107            <intent-filter>
107-->[:flutter_local_notifications] AndroidManifest.xml:14:13-19:29
108                <action android:name="android.intent.action.BOOT_COMPLETED" />
108-->[:flutter_local_notifications] AndroidManifest.xml:15:17-79
108-->[:flutter_local_notifications] AndroidManifest.xml:15:25-76
109                <action android:name="android.intent.action.MY_PACKAGE_REPLACED" />
109-->[:flutter_local_notifications] AndroidManifest.xml:16:17-84
109-->[:flutter_local_notifications] AndroidManifest.xml:16:25-81
110                <action android:name="android.intent.action.QUICKBOOT_POWERON" />
110-->[:flutter_local_notifications] AndroidManifest.xml:17:17-82
110-->[:flutter_local_notifications] AndroidManifest.xml:17:25-79
111                <action android:name="com.htc.intent.action.QUICKBOOT_POWERON" />
111-->[:flutter_local_notifications] AndroidManifest.xml:18:17-82
111-->[:flutter_local_notifications] AndroidManifest.xml:18:25-79
112            </intent-filter>
113        </receiver>
114
115        <provider
115-->[:share] AndroidManifest.xml:8:9-16:20
116            android:name="io.flutter.plugins.share.ShareFileProvider"
116-->[:share] AndroidManifest.xml:9:13-70
117            android:authorities="com.example.garjoo.flutter.share_provider"
117-->[:share] AndroidManifest.xml:10:13-74
118            android:exported="false"
118-->[:share] AndroidManifest.xml:11:13-37
119            android:grantUriPermissions="true" >
119-->[:share] AndroidManifest.xml:12:13-47
120            <meta-data
120-->[:open_file] AndroidManifest.xml:18:13-20:53
121                android:name="android.support.FILE_PROVIDER_PATHS"
121-->[:open_file] AndroidManifest.xml:19:17-67
122                android:resource="@xml/flutter_share_file_paths" />
122-->[:open_file] AndroidManifest.xml:20:17-50
123        </provider>
124    </application>
125
126</manifest>